<?xml version="1.0" encoding="UTF-8"?>
<coverage generated="1696380995611" clover="3.2.0">
  <project timestamp="1696380995611" name="All files">
    <metrics statements="26" coveredstatements="23" conditionals="32" coveredconditionals="26" methods="2" coveredmethods="2" elements="60" coveredelements="51" complexity="0" loc="26" ncloc="26" packages="1" files="1" classes="1"/>
    <file name="functions.ts" path="C:\Users\Kevin\Documents\Kevin\Cursos\Pessoal\minha-biblioteca-react\src\Components\functions.ts">
      <metrics statements="26" coveredstatements="23" conditionals="32" coveredconditionals="26" methods="2" coveredmethods="2"/>
      <line num="1" count="1" type="stmt"/>
      <line num="2" count="4" type="stmt"/>
      <line num="3" count="4" type="stmt"/>
      <line num="6" count="4" type="cond" truecount="1" falsecount="0"/>
      <line num="11" count="3" type="cond" truecount="4" falsecount="0"/>
      <line num="12" count="2" type="stmt"/>
      <line num="14" count="1" type="stmt"/>
      <line num="18" count="4" type="cond" truecount="1" falsecount="0"/>
      <line num="23" count="3" type="cond" truecount="2" falsecount="2"/>
      <line num="24" count="0" type="stmt"/>
      <line num="26" count="3" type="stmt"/>
      <line num="29" count="4" type="stmt"/>
      <line num="31" count="4" type="stmt"/>
      <line num="34" count="1" type="stmt"/>
      <line num="35" count="6" type="stmt"/>
      <line num="36" count="6" type="stmt"/>
      <line num="39" count="6" type="cond" truecount="1" falsecount="0"/>
      <line num="44" count="5" type="cond" truecount="2" falsecount="2"/>
      <line num="45" count="0" type="stmt"/>
      <line num="47" count="5" type="stmt"/>
      <line num="51" count="6" type="cond" truecount="1" falsecount="0"/>
      <line num="56" count="5" type="cond" truecount="2" falsecount="2"/>
      <line num="57" count="0" type="stmt"/>
      <line num="59" count="5" type="stmt"/>
      <line num="62" count="6" type="stmt"/>
      <line num="64" count="6" type="stmt"/>
    </file>
  </project>
</coverage>
