{"C:\\Users\\Kevin\\Documents\\Kevin\\Cursos\\Pessoal\\minha-biblioteca-react\\src\\Components\\functions.ts": {"path":"C:\\Users\\Kevin\\Documents\\Kevin\\Cursos\\Pessoal\\minha-biblioteca-react\\src\\Components\\functions.ts","statementMap":{"0":{"start":{"line":2,"column":18},"end":{"line":2,"column":19}},"1":{"start":{"line":3,"column":20},"end":{"line":3,"column":21}},"2":{"start":{"line":6,"column":2},"end":{"line":16,"column":null}},"3":{"start":{"line":11,"column":4},"end":{"line":15,"column":null}},"4":{"start":{"line":12,"column":6},"end":{"line":12,"column":53}},"5":{"start":{"line":14,"column":6},"end":{"line":14,"column":35}},"6":{"start":{"line":18,"column":2},"end":{"line":28,"column":null}},"7":{"start":{"line":23,"column":4},"end":{"line":27,"column":null}},"8":{"start":{"line":24,"column":6},"end":{"line":24,"column":57}},"9":{"start":{"line":26,"column":6},"end":{"line":26,"column":39}},"10":{"start":{"line":29,"column":2},"end":{"line":29,"column":33}},"11":{"start":{"line":31,"column":2},"end":{"line":31,"column":19}},"12":{"start":{"line":1,"column":0},"end":{"line":1,"column":16}},"13":{"start":{"line":35,"column":17},"end":{"line":35,"column":18}},"14":{"start":{"line":36,"column":19},"end":{"line":36,"column":20}},"15":{"start":{"line":39,"column":2},"end":{"line":49,"column":null}},"16":{"start":{"line":44,"column":4},"end":{"line":48,"column":null}},"17":{"start":{"line":45,"column":6},"end":{"line":45,"column":52}},"18":{"start":{"line":47,"column":6},"end":{"line":47,"column":34}},"19":{"start":{"line":51,"column":2},"end":{"line":61,"column":null}},"20":{"start":{"line":56,"column":4},"end":{"line":60,"column":null}},"21":{"start":{"line":57,"column":6},"end":{"line":57,"column":56}},"22":{"start":{"line":59,"column":6},"end":{"line":59,"column":38}},"23":{"start":{"line":62,"column":2},"end":{"line":62,"column":36}},"24":{"start":{"line":64,"column":2},"end":{"line":64,"column":24}},"25":{"start":{"line":34,"column":0},"end":{"line":34,"column":16}}},"fnMap":{"0":{"name":"somar","decl":{"start":{"line":1,"column":16},"end":{"line":1,"column":21}},"loc":{"start":{"line":1,"column":58},"end":{"line":32,"column":1}}},"1":{"name":"subtracao","decl":{"start":{"line":34,"column":16},"end":{"line":34,"column":25}},"loc":{"start":{"line":34,"column":62},"end":{"line":65,"column":1}}}},"branchMap":{"0":{"loc":{"start":{"line":6,"column":2},"end":{"line":16,"column":null}},"type":"if","locations":[{"start":{"line":6,"column":2},"end":{"line":16,"column":null}}]},"1":{"loc":{"start":{"line":7,"column":4},"end":{"line":9,"column":32}},"type":"binary-expr","locations":[{"start":{"line":7,"column":4},"end":{"line":7,"column":12}},{"start":{"line":8,"column":4},"end":{"line":8,"column":33}},{"start":{"line":9,"column":4},"end":{"line":9,"column":32}}]},"2":{"loc":{"start":{"line":11,"column":4},"end":{"line":15,"column":null}},"type":"if","locations":[{"start":{"line":11,"column":4},"end":{"line":15,"column":null}},{"start":{"line":13,"column":11},"end":{"line":15,"column":null}}]},"3":{"loc":{"start":{"line":11,"column":8},"end":{"line":11,"column":62}},"type":"binary-expr","locations":[{"start":{"line":11,"column":8},"end":{"line":11,"column":30}},{"start":{"line":11,"column":34},"end":{"line":11,"column":62}}]},"4":{"loc":{"start":{"line":18,"column":2},"end":{"line":28,"column":null}},"type":"if","locations":[{"start":{"line":18,"column":2},"end":{"line":28,"column":null}}]},"5":{"loc":{"start":{"line":19,"column":4},"end":{"line":21,"column":34}},"type":"binary-expr","locations":[{"start":{"line":19,"column":4},"end":{"line":19,"column":14}},{"start":{"line":20,"column":4},"end":{"line":20,"column":35}},{"start":{"line":21,"column":4},"end":{"line":21,"column":34}}]},"6":{"loc":{"start":{"line":23,"column":4},"end":{"line":27,"column":null}},"type":"if","locations":[{"start":{"line":23,"column":4},"end":{"line":27,"column":null}},{"start":{"line":25,"column":11},"end":{"line":27,"column":null}}]},"7":{"loc":{"start":{"line":23,"column":8},"end":{"line":23,"column":66}},"type":"binary-expr","locations":[{"start":{"line":23,"column":8},"end":{"line":23,"column":32}},{"start":{"line":23,"column":36},"end":{"line":23,"column":66}}]},"8":{"loc":{"start":{"line":39,"column":2},"end":{"line":49,"column":null}},"type":"if","locations":[{"start":{"line":39,"column":2},"end":{"line":49,"column":null}}]},"9":{"loc":{"start":{"line":40,"column":4},"end":{"line":42,"column":32}},"type":"binary-expr","locations":[{"start":{"line":40,"column":4},"end":{"line":40,"column":12}},{"start":{"line":41,"column":4},"end":{"line":41,"column":33}},{"start":{"line":42,"column":4},"end":{"line":42,"column":32}}]},"10":{"loc":{"start":{"line":44,"column":4},"end":{"line":48,"column":null}},"type":"if","locations":[{"start":{"line":44,"column":4},"end":{"line":48,"column":null}},{"start":{"line":46,"column":11},"end":{"line":48,"column":null}}]},"11":{"loc":{"start":{"line":44,"column":8},"end":{"line":44,"column":62}},"type":"binary-expr","locations":[{"start":{"line":44,"column":8},"end":{"line":44,"column":30}},{"start":{"line":44,"column":34},"end":{"line":44,"column":62}}]},"12":{"loc":{"start":{"line":51,"column":2},"end":{"line":61,"column":null}},"type":"if","locations":[{"start":{"line":51,"column":2},"end":{"line":61,"column":null}}]},"13":{"loc":{"start":{"line":52,"column":4},"end":{"line":54,"column":34}},"type":"binary-expr","locations":[{"start":{"line":52,"column":4},"end":{"line":52,"column":14}},{"start":{"line":53,"column":4},"end":{"line":53,"column":35}},{"start":{"line":54,"column":4},"end":{"line":54,"column":34}}]},"14":{"loc":{"start":{"line":56,"column":4},"end":{"line":60,"column":null}},"type":"if","locations":[{"start":{"line":56,"column":4},"end":{"line":60,"column":null}},{"start":{"line":58,"column":11},"end":{"line":60,"column":null}}]},"15":{"loc":{"start":{"line":56,"column":8},"end":{"line":56,"column":66}},"type":"binary-expr","locations":[{"start":{"line":56,"column":8},"end":{"line":56,"column":32}},{"start":{"line":56,"column":36},"end":{"line":56,"column":66}}]}},"s":{"0":4,"1":4,"2":4,"3":3,"4":2,"5":1,"6":4,"7":3,"8":0,"9":3,"10":4,"11":4,"12":1,"13":6,"14":6,"15":6,"16":5,"17":0,"18":5,"19":6,"20":5,"21":0,"22":5,"23":6,"24":6,"25":1},"f":{"0":4,"1":6},"b":{"0":[3],"1":[4,3,3],"2":[2,1],"3":[3,2],"4":[3],"5":[4,3,3],"6":[0,3],"7":[3,0],"8":[5],"9":[6,5,5],"10":[0,5],"11":[5,0],"12":[5],"13":[6,5,5],"14":[0,5],"15":[5,0]}}
}
