TN:
SF:src\Components\functions.ts
FN:1,somar
FN:34,subtracao
FNF:2
FNH:2
FNDA:4,somar
FNDA:6,subtracao
DA:1,1
DA:2,4
DA:3,4
DA:6,4
DA:11,3
DA:12,2
DA:14,1
DA:18,4
DA:23,3
DA:24,0
DA:26,3
DA:29,4
DA:31,4
DA:34,1
DA:35,6
DA:36,6
DA:39,6
DA:44,5
DA:45,0
DA:47,5
DA:51,6
DA:56,5
DA:57,0
DA:59,5
DA:62,6
DA:64,6
LF:26
LH:23
BRDA:6,0,0,3
BRDA:7,1,0,4
BRDA:7,1,1,3
BRDA:7,1,2,3
BRDA:11,2,0,2
BRDA:11,2,1,1
BRDA:11,3,0,3
BRDA:11,3,1,2
BRDA:18,4,0,3
BRDA:19,5,0,4
BRDA:19,5,1,3
BRDA:19,5,2,3
BRDA:23,6,0,0
BRDA:23,6,1,3
BRDA:23,7,0,3
BRDA:23,7,1,0
BRDA:39,8,0,5
BRDA:40,9,0,6
BRDA:40,9,1,5
BRDA:40,9,2,5
BRDA:44,10,0,0
BRDA:44,10,1,5
BRDA:44,11,0,5
BRDA:44,11,1,0
BRDA:51,12,0,5
BRDA:52,13,0,6
BRDA:52,13,1,5
BRDA:52,13,2,5
BRDA:56,14,0,0
BRDA:56,14,1,5
BRDA:56,15,0,5
BRDA:56,15,1,0
BRF:32
BRH:26
end_of_record
